2025-02-18 17:08:43.571 [info] Reading sessions from keychain...
2025-02-18 17:08:43.571 [info] Getting sessions for all scopes...
2025-02-18 17:08:43.571 [info] Got 0 sessions for ...
2025-02-18 17:08:43.572 [info] Getting sessions for all scopes...
2025-02-18 17:08:43.572 [info] Got 0 sessions for ...
2025-02-18 17:08:43.768 [info] Getting sessions for read:user,repo,user:email,workflow...
2025-02-18 17:08:43.768 [info] Got 0 sessions for read:user,repo,user:email,workflow...
2025-02-18 17:08:46.845 [info] Logging in for the following scopes: read:user repo user:email workflow
2025-02-18 17:08:47.359 [info] Trying device code flow... (read:user repo user:email workflow)
2025-02-18 17:09:21.024 [info] Getting user info...
2025-02-18 17:09:21.348 [info] Got account info!
2025-02-18 17:09:21.349 [info] Storing 1 sessions...
2025-02-18 17:09:21.543 [info] Reading sessions from keychain...
2025-02-18 17:09:21.543 [info] Stored 1 sessions!
2025-02-18 17:09:21.544 [info] Login success!
2025-02-18 17:09:21.765 [info] Got stored sessions!
2025-02-18 17:09:21.766 [info] Got 1 verified sessions.
2025-02-18 17:09:22.581 [info] Getting sessions for read:user,repo,user:email,workflow...
2025-02-18 17:09:22.581 [info] Got 1 sessions for read:user,repo,user:email,workflow...
2025-02-18 17:09:23.419 [info] Getting sessions for read:user,repo,user:email,workflow...
2025-02-18 17:09:23.419 [info] Got 1 sessions for read:user,repo,user:email,workflow...
2025-02-18 17:09:24.330 [info] Getting sessions for read:user,repo,user:email,workflow...
2025-02-18 17:09:24.330 [info] Got 1 sessions for read:user,repo,user:email,workflow...
